c:\users\nsccstudent\desktop\prog2400\assignments\mazesolver\mazesolver\debug\vc140.pdb
c:\users\nsccstudent\desktop\prog2400\assignments\mazesolver\mazesolver\debug\vc140.idb
c:\users\nsccstudent\desktop\prog2400\assignments\mazesolver\mazesolver\debug\driver.obj
c:\users\nsccstudent\desktop\prog2400\assignments\mazesolver\mazesolver\debug\maze.obj
c:\users\nsccstudent\desktop\prog2400\assignments\mazesolver\mazesolver\debug\path.obj
c:\users\nsccstudent\desktop\prog2400\assignments\mazesolver\mazesolver\debug\position.obj
c:\users\nsccstudent\desktop\prog2400\assignments\mazesolver\mazesolver\debug\stack.obj
c:\users\nsccstudent\desktop\prog2400\assignments\mazesolver\debug\mazesolver.pdb
c:\users\nsccstudent\desktop\prog2400\assignments\mazesolver\mazesolver\debug\mazesolver.tlog\cl.command.1.tlog
c:\users\nsccstudent\desktop\prog2400\assignments\mazesolver\mazesolver\debug\mazesolver.tlog\cl.read.1.tlog
c:\users\nsccstudent\desktop\prog2400\assignments\mazesolver\mazesolver\debug\mazesolver.tlog\cl.write.1.tlog
c:\users\nsccstudent\desktop\prog2400\assignments\mazesolver\mazesolver\debug\mazesolver.tlog\link.6000-cvtres.read.1.tlog
c:\users\nsccstudent\desktop\prog2400\assignments\mazesolver\mazesolver\debug\mazesolver.tlog\link.6000-cvtres.write.1.tlog
c:\users\nsccstudent\desktop\prog2400\assignments\mazesolver\mazesolver\debug\mazesolver.tlog\link.6000-rc.read.1.tlog
c:\users\nsccstudent\desktop\prog2400\assignments\mazesolver\mazesolver\debug\mazesolver.tlog\link.6000-rc.write.1.tlog
c:\users\nsccstudent\desktop\prog2400\assignments\mazesolver\mazesolver\debug\mazesolver.tlog\link.6000.read.1.tlog
c:\users\nsccstudent\desktop\prog2400\assignments\mazesolver\mazesolver\debug\mazesolver.tlog\link.6000.write.1.tlog
c:\users\nsccstudent\desktop\prog2400\assignments\mazesolver\mazesolver\debug\mazesolver.tlog\link.command.1.tlog
c:\users\nsccstudent\desktop\prog2400\assignments\mazesolver\mazesolver\debug\mazesolver.tlog\link.read.1.tlog
c:\users\nsccstudent\desktop\prog2400\assignments\mazesolver\mazesolver\debug\mazesolver.tlog\link.write.1.tlog
